[2020-12-15 15:25:01Z INFO HostContext] No proxy settings were found based on environmental variables (http_proxy/https_proxy/HTTP_PROXY/HTTPS_PROXY)
[2020-12-15 15:25:01Z INFO HostContext] Well known directory 'Bin': 'C:\Users\Iradukunda 47\Desktop\tutorials\githubactions\frontend\actions-runner\bin'
[2020-12-15 15:25:01Z INFO HostContext] Well known directory 'Root': 'C:\Users\Iradukunda 47\Desktop\tutorials\githubactions\frontend\actions-runner'
[2020-12-15 15:25:01Z INFO HostContext] Well known config file 'Credentials': 'C:\Users\Iradukunda 47\Desktop\tutorials\githubactions\frontend\actions-runner\.credentials'
[2020-12-15 15:25:01Z INFO Listener] Runner is built for Windows (X64) - win-x64.
[2020-12-15 15:25:01Z INFO Listener] RuntimeInformation: Microsoft Windows 10.0.19041.
[2020-12-15 15:25:01Z INFO Listener] Version: 2.274.2
[2020-12-15 15:25:01Z INFO Listener] Commit: 9987a8d024a6075cd2357d07c5aec9785126d5a9
[2020-12-15 15:25:01Z INFO Listener] Culture: en-US
[2020-12-15 15:25:01Z INFO Listener] UI Culture: en-US
[2020-12-15 15:25:01Z INFO HostContext] Well known directory 'Bin': 'C:\Users\Iradukunda 47\Desktop\tutorials\githubactions\frontend\actions-runner\bin'
[2020-12-15 15:25:01Z INFO HostContext] Well known directory 'Root': 'C:\Users\Iradukunda 47\Desktop\tutorials\githubactions\frontend\actions-runner'
[2020-12-15 15:25:01Z INFO Listener] Validating directory permissions for: 'C:\Users\Iradukunda 47\Desktop\tutorials\githubactions\frontend\actions-runner'
[2020-12-15 15:25:01Z INFO CommandLineParser] Parse
[2020-12-15 15:25:01Z INFO CommandLineParser] Parsing 5 args
[2020-12-15 15:25:01Z INFO CommandLineParser] parsing argument
[2020-12-15 15:25:01Z INFO CommandLineParser] HasArgs: False
[2020-12-15 15:25:01Z INFO CommandLineParser] Adding Command: configure
[2020-12-15 15:25:01Z INFO CommandLineParser] parsing argument
[2020-12-15 15:25:01Z INFO CommandLineParser] HasArgs: True
[2020-12-15 15:25:01Z INFO CommandLineParser] arg: url
[2020-12-15 15:25:01Z INFO CommandLineParser] parsing argument
[2020-12-15 15:25:01Z INFO CommandLineParser] HasArgs: True
[2020-12-15 15:25:01Z INFO CommandLineParser] Adding option 'url': 'https://github.com/iradualbert/githubactions'
[2020-12-15 15:25:01Z INFO CommandLineParser] parsing argument
[2020-12-15 15:25:01Z INFO CommandLineParser] HasArgs: True
[2020-12-15 15:25:01Z INFO CommandLineParser] arg: token
[2020-12-15 15:25:01Z INFO CommandLineParser] parsing argument
[2020-12-15 15:25:01Z INFO CommandLineParser] HasArgs: True
[2020-12-15 15:25:01Z INFO CommandLineParser] Adding option 'token': '***'
[2020-12-15 15:25:01Z INFO Listener] Arguments parsed
[2020-12-15 15:25:01Z INFO Runner] ExecuteCommand
[2020-12-15 15:25:01Z INFO ConfigurationStore] currentAssemblyLocation: C:\Users\Iradukunda 47\Desktop\tutorials\githubactions\frontend\actions-runner\bin\Runner.Listener.dll
[2020-12-15 15:25:01Z INFO HostContext] Well known directory 'Bin': 'C:\Users\Iradukunda 47\Desktop\tutorials\githubactions\frontend\actions-runner\bin'
[2020-12-15 15:25:01Z INFO ConfigurationStore] binPath: C:\Users\Iradukunda 47\Desktop\tutorials\githubactions\frontend\actions-runner\bin
[2020-12-15 15:25:01Z INFO HostContext] Well known directory 'Bin': 'C:\Users\Iradukunda 47\Desktop\tutorials\githubactions\frontend\actions-runner\bin'
[2020-12-15 15:25:01Z INFO HostContext] Well known directory 'Root': 'C:\Users\Iradukunda 47\Desktop\tutorials\githubactions\frontend\actions-runner'
[2020-12-15 15:25:01Z INFO ConfigurationStore] RootFolder: C:\Users\Iradukunda 47\Desktop\tutorials\githubactions\frontend\actions-runner
[2020-12-15 15:25:01Z INFO HostContext] Well known directory 'Bin': 'C:\Users\Iradukunda 47\Desktop\tutorials\githubactions\frontend\actions-runner\bin'
[2020-12-15 15:25:01Z INFO HostContext] Well known directory 'Root': 'C:\Users\Iradukunda 47\Desktop\tutorials\githubactions\frontend\actions-runner'
[2020-12-15 15:25:01Z INFO HostContext] Well known config file 'Runner': 'C:\Users\Iradukunda 47\Desktop\tutorials\githubactions\frontend\actions-runner\.runner'
[2020-12-15 15:25:01Z INFO ConfigurationStore] ConfigFilePath: C:\Users\Iradukunda 47\Desktop\tutorials\githubactions\frontend\actions-runner\.runner
[2020-12-15 15:25:01Z INFO HostContext] Well known directory 'Bin': 'C:\Users\Iradukunda 47\Desktop\tutorials\githubactions\frontend\actions-runner\bin'
[2020-12-15 15:25:01Z INFO HostContext] Well known directory 'Root': 'C:\Users\Iradukunda 47\Desktop\tutorials\githubactions\frontend\actions-runner'
[2020-12-15 15:25:01Z INFO HostContext] Well known config file 'Credentials': 'C:\Users\Iradukunda 47\Desktop\tutorials\githubactions\frontend\actions-runner\.credentials'
[2020-12-15 15:25:01Z INFO ConfigurationStore] CredFilePath: C:\Users\Iradukunda 47\Desktop\tutorials\githubactions\frontend\actions-runner\.credentials
[2020-12-15 15:25:01Z INFO HostContext] Well known directory 'Bin': 'C:\Users\Iradukunda 47\Desktop\tutorials\githubactions\frontend\actions-runner\bin'
[2020-12-15 15:25:01Z INFO HostContext] Well known directory 'Root': 'C:\Users\Iradukunda 47\Desktop\tutorials\githubactions\frontend\actions-runner'
[2020-12-15 15:25:01Z INFO HostContext] Well known config file 'MigratedCredentials': 'C:\Users\Iradukunda 47\Desktop\tutorials\githubactions\frontend\actions-runner\.credentials_migrated'
[2020-12-15 15:25:01Z INFO ConfigurationStore] MigratedCredFilePath: C:\Users\Iradukunda 47\Desktop\tutorials\githubactions\frontend\actions-runner\.credentials_migrated
[2020-12-15 15:25:01Z INFO HostContext] Well known directory 'Bin': 'C:\Users\Iradukunda 47\Desktop\tutorials\githubactions\frontend\actions-runner\bin'
[2020-12-15 15:25:01Z INFO HostContext] Well known directory 'Root': 'C:\Users\Iradukunda 47\Desktop\tutorials\githubactions\frontend\actions-runner'
[2020-12-15 15:25:01Z INFO HostContext] Well known config file 'Service': 'C:\Users\Iradukunda 47\Desktop\tutorials\githubactions\frontend\actions-runner\.service'
[2020-12-15 15:25:01Z INFO ConfigurationStore] ServiceConfigFilePath: C:\Users\Iradukunda 47\Desktop\tutorials\githubactions\frontend\actions-runner\.service
[2020-12-15 15:25:01Z INFO CommandSettings] Flag 'help': 'False'
[2020-12-15 15:25:01Z INFO CommandSettings] Flag 'version': 'False'
[2020-12-15 15:25:01Z INFO CommandSettings] Flag 'commit': 'False'
[2020-12-15 15:25:01Z INFO CommandSettings] Command 'configure': 'True'
[2020-12-15 15:25:01Z INFO Terminal] WRITE LINE: 
[2020-12-15 15:25:01Z INFO Terminal] WRITE LINE: --------------------------------------------------------------------------------
[2020-12-15 15:25:01Z INFO Terminal] WRITE LINE: |        ____ _ _   _   _       _          _        _   _                      |
[2020-12-15 15:25:01Z INFO Terminal] WRITE LINE: |       / ___(_) |_| | | |_   _| |__      / \   ___| |_(_) ___  _ __  ___      |
[2020-12-15 15:25:01Z INFO Terminal] WRITE LINE: |      | |  _| | __| |_| | | | | '_ \    / _ \ / __| __| |/ _ \| '_ \/ __|     |
[2020-12-15 15:25:01Z INFO Terminal] WRITE LINE: |      | |_| | | |_|  _  | |_| | |_) |  / ___ \ (__| |_| | (_) | | | \__ \     |
[2020-12-15 15:25:01Z INFO Terminal] WRITE LINE: |       \____|_|\__|_| |_|\__,_|_.__/  /_/   \_\___|\__|_|\___/|_| |_|___/     |
[2020-12-15 15:25:01Z INFO Terminal] WRITE LINE: |                                                                              |
[2020-12-15 15:25:01Z INFO Terminal] WRITE: |                       
[2020-12-15 15:25:01Z INFO Terminal] WRITE: Self-hosted runner registration
[2020-12-15 15:25:01Z INFO Terminal] WRITE LINE:                         |
[2020-12-15 15:25:01Z INFO Terminal] WRITE LINE: |                                                                              |
[2020-12-15 15:25:01Z INFO Terminal] WRITE LINE: --------------------------------------------------------------------------------
[2020-12-15 15:25:01Z INFO ConfigurationManager] ConfigureAsync
[2020-12-15 15:25:01Z INFO ConfigurationStore] IsConfigured()
[2020-12-15 15:25:01Z INFO ConfigurationStore] IsConfigured: False
[2020-12-15 15:25:01Z INFO ConfigurationManager] Is configured: False
[2020-12-15 15:25:01Z INFO CommandSettings] Arg 'url': 'https://github.com/iradualbert/githubactions'
[2020-12-15 15:25:01Z INFO CommandSettings] Remove url from Arg dictionary.
[2020-12-15 15:25:01Z INFO CommandSettings] Arg 'token': '***'
[2020-12-15 15:25:01Z INFO CommandSettings] Remove token from Arg dictionary.
[2020-12-15 15:25:02Z INFO ConfigurationManager] Http response code: OK from 'POST https://api.github.com/actions/runner-registration'
[2020-12-15 15:25:02Z INFO ConfigurationManager] cred retrieved via GitHub auth
[2020-12-15 15:25:02Z INFO RunnerServer] Establish connection with 100 seconds timeout.
[2020-12-15 15:25:02Z INFO GitHubActionsService] Starting operation Location.GetConnectionData
[2020-12-15 15:25:02Z INFO RunnerServer] Establish connection with 60 seconds timeout.
[2020-12-15 15:25:02Z INFO GitHubActionsService] Starting operation Location.GetConnectionData
[2020-12-15 15:25:02Z INFO RunnerServer] Establish connection with 60 seconds timeout.
[2020-12-15 15:25:02Z INFO GitHubActionsService] Starting operation Location.GetConnectionData
[2020-12-15 15:25:03Z INFO GitHubActionsService] Finished operation Location.GetConnectionData
[2020-12-15 15:25:03Z INFO GitHubActionsService] Finished operation Location.GetConnectionData
[2020-12-15 15:25:03Z INFO GitHubActionsService] Finished operation Location.GetConnectionData
[2020-12-15 15:25:03Z INFO Terminal] WRITE LINE: 
[2020-12-15 15:25:03Z INFO ConfigurationManager] Test Connection complete.
[2020-12-15 15:25:03Z INFO HostContext] Well known directory 'Bin': 'C:\Users\Iradukunda 47\Desktop\tutorials\githubactions\frontend\actions-runner\bin'
[2020-12-15 15:25:03Z INFO HostContext] Well known directory 'Root': 'C:\Users\Iradukunda 47\Desktop\tutorials\githubactions\frontend\actions-runner'
[2020-12-15 15:25:03Z INFO HostContext] Well known config file 'RSACredentials': 'C:\Users\Iradukunda 47\Desktop\tutorials\githubactions\frontend\actions-runner\.credentials_rsaparams'
[2020-12-15 15:25:03Z INFO RSAEncryptedFileKeyManager] Creating new RSA key using 2048-bit key length
[2020-12-15 15:25:03Z INFO RSAEncryptedFileKeyManager] Successfully saved RSA key parameters to file C:\Users\Iradukunda 47\Desktop\tutorials\githubactions\frontend\actions-runner\.credentials_rsaparams
[2020-12-15 15:25:04Z INFO ConfigurationManager] Found a self-hosted runner group with id {1} and name {2} 1, Default
[2020-12-15 15:25:04Z INFO CommandSettings] Arg 'name': ''
[2020-12-15 15:25:04Z INFO CommandSettings] Flag 'unattended': 'False'
[2020-12-15 15:25:04Z INFO PromptManager] ReadValue
[2020-12-15 15:25:04Z INFO Terminal] WRITE: Enter the name of runner: 
[2020-12-15 15:25:04Z INFO Terminal] WRITE: [press Enter for ALBERT] 
[2020-12-15 15:25:04Z INFO Terminal] READ LINE
[2020-12-15 15:25:14Z INFO Terminal] Read value: ''
[2020-12-15 15:25:14Z INFO PromptManager] Falling back to the default: 'ALBERT'
[2020-12-15 15:25:14Z INFO Terminal] WRITE LINE: 
[2020-12-15 15:25:14Z INFO CommandSettings] Arg 'labels': ''
[2020-12-15 15:25:14Z INFO CommandSettings] Flag 'unattended': 'False'
[2020-12-15 15:25:14Z INFO PromptManager] ReadValue
[2020-12-15 15:25:14Z INFO Terminal] WRITE: This runner will have the following labels: 'self-hosted', 'Windows', 'X64' 
Enter any additional labels (ex. label-1,label-2): 
[2020-12-15 15:25:14Z INFO Terminal] WRITE: [press Enter to skip] 
[2020-12-15 15:25:14Z INFO Terminal] READ LINE
[2020-12-15 15:25:23Z INFO Terminal] Read value: ''
[2020-12-15 15:25:23Z INFO Terminal] WRITE LINE: 
[2020-12-15 15:25:24Z INFO ConfigurationStore] Saving OAuth credential @ C:\Users\Iradukunda 47\Desktop\tutorials\githubactions\frontend\actions-runner\.credentials
[2020-12-15 15:25:24Z INFO ConfigurationStore] Credentials Saved.
[2020-12-15 15:25:24Z INFO ConfigurationStore] HasCredentials()
[2020-12-15 15:25:24Z INFO ConfigurationStore] stored True
[2020-12-15 15:25:24Z INFO CredentialManager] GetCredentialProvider
[2020-12-15 15:25:24Z INFO CredentialManager] Creating type OAuth
[2020-12-15 15:25:24Z INFO CredentialManager] Creating credential type: OAuth
[2020-12-15 15:25:24Z INFO RSAEncryptedFileKeyManager] Loading RSA key parameters from file C:\Users\Iradukunda 47\Desktop\tutorials\githubactions\frontend\actions-runner\.credentials_rsaparams
[2020-12-15 15:25:24Z INFO RunnerServer] Establish connection with 100 seconds timeout.
[2020-12-15 15:25:24Z INFO GitHubActionsService] Starting operation Location.GetConnectionData
[2020-12-15 15:25:24Z INFO RunnerServer] Establish connection with 60 seconds timeout.
[2020-12-15 15:25:24Z INFO GitHubActionsService] Starting operation Location.GetConnectionData
[2020-12-15 15:25:24Z INFO RunnerServer] Establish connection with 60 seconds timeout.
[2020-12-15 15:25:24Z INFO GitHubActionsService] Starting operation Location.GetConnectionData
[2020-12-15 15:25:25Z INFO GitHubActionsService] Finished operation Location.GetConnectionData
[2020-12-15 15:25:25Z INFO GitHubActionsService] Finished operation Location.GetConnectionData
[2020-12-15 15:25:25Z INFO GitHubActionsService] Finished operation Location.GetConnectionData
[2020-12-15 15:25:25Z WARN GitHubActionsService] Authentication failed with status code 401.
WWW-Authenticate: Bearer
Strict-Transport-Security: max-age=2592000
X-TFS-ProcessId: 6796d18b-0f4e-410b-bf8e-ac905d68c93d
ActivityId: 70cdc7b8-efc8-4d38-b381-ada05f4f686a
X-TFS-Session: 6e9bcb14-f212-462a-bc06-8643ce749b8f
X-VSS-E2EID: fca286ee-6c4b-4ec9-b5d4-91dc57d38f37
X-VSS-SenderDeploymentId: 13a19993-c6bc-326c-afb4-32c5519f46f0
X-TFS-ServiceError: The+user+%27System%3aPublicAccess%3baaaaaaaa-aaaa-aaaa-aaaa-aaaaaaaaaaaa%27+is+not+authorized+to+access+this+resource.
X-VSS-S2STargetService: 0000005A-0000-8888-8000-000000000000/visualstudio.com
X-MSEdge-Ref: Ref A: 20347367CFF24F0989CA325967DA8708 Ref B: IST30EDGE0410 Ref C: 2020-12-15T15:25:25Z
Date: Tue, 15 Dec 2020 15:25:25 GMT

[2020-12-15 15:25:25Z INFO RSAEncryptedFileKeyManager] Loading RSA key parameters from file C:\Users\Iradukunda 47\Desktop\tutorials\githubactions\frontend\actions-runner\.credentials_rsaparams
[2020-12-15 15:25:25Z INFO RSAEncryptedFileKeyManager] Loading RSA key parameters from file C:\Users\Iradukunda 47\Desktop\tutorials\githubactions\frontend\actions-runner\.credentials_rsaparams
[2020-12-15 15:25:26Z INFO GitHubActionsService] AAD Correlation ID for this token request: Unknown
[2020-12-15 15:25:26Z INFO CommandSettings] Arg 'work': ''
[2020-12-15 15:25:26Z INFO CommandSettings] Flag 'unattended': 'False'
[2020-12-15 15:25:26Z INFO PromptManager] ReadValue
[2020-12-15 15:25:26Z INFO Terminal] WRITE: Enter name of work folder: 
[2020-12-15 15:25:26Z INFO Terminal] WRITE: [press Enter for _work] 
[2020-12-15 15:25:26Z INFO Terminal] READ LINE
[2020-12-15 15:25:57Z INFO Terminal] Read value: 'react-app'
[2020-12-15 15:25:57Z INFO ConfigurationStore] Saving runner settings.
[2020-12-15 15:25:57Z INFO ConfigurationStore] Settings Saved.
[2020-12-15 15:25:57Z INFO Terminal] WRITE LINE: 
[2020-12-15 15:25:57Z INFO Terminal] WRITE LINE: 
[2020-12-15 15:25:57Z INFO CommandSettings] Flag 'runasservice': 'False'
[2020-12-15 15:25:57Z INFO CommandSettings] Flag 'unattended': 'False'
[2020-12-15 15:25:57Z INFO PromptManager] ReadValue
[2020-12-15 15:25:57Z INFO Terminal] WRITE: Would you like to run the runner as service? (Y/N) 
[2020-12-15 15:25:57Z INFO Terminal] WRITE: [press Enter for N] 
[2020-12-15 15:25:57Z INFO Terminal] READ LINE
[2020-12-15 15:26:10Z INFO Terminal] Read value: 'y'
[2020-12-15 15:26:10Z INFO ConfigurationManager] Configuring to run the agent as service
[2020-12-15 15:26:10Z ERR  WindowsServiceControlManager] Needs Administrator privileges for configure runner as windows service.
[2020-12-15 15:26:10Z ERR  Runner] System.Security.SecurityException: Needs Administrator privileges for configuring runner as windows service.
   at GitHub.Runner.Listener.Configuration.WindowsServiceControlManager.ConfigureService(RunnerSettings settings, CommandSettings command)
   at GitHub.Runner.Listener.Configuration.ConfigurationManager.ConfigureAsync(CommandSettings command)
   at GitHub.Runner.Listener.Runner.ExecuteCommand(CommandSettings command)
[2020-12-15 15:26:10Z ERR  Terminal] WRITE ERROR: Needs Administrator privileges for configuring runner as windows service.
[2020-12-15 15:26:10Z INFO Listener] Runner execution has finished with return code 1
