[2020-12-15 15:33:15Z INFO HostContext] No proxy settings were found based on environmental variables (http_proxy/https_proxy/HTTP_PROXY/HTTPS_PROXY)
[2020-12-15 15:33:15Z INFO HostContext] Well known directory 'Bin': 'C:\Users\Iradukunda 47\Desktop\tutorials\githubactions\frontend\actions-runner\bin'
[2020-12-15 15:33:15Z INFO HostContext] Well known directory 'Root': 'C:\Users\Iradukunda 47\Desktop\tutorials\githubactions\frontend\actions-runner'
[2020-12-15 15:33:15Z INFO HostContext] Well known config file 'Credentials': 'C:\Users\Iradukunda 47\Desktop\tutorials\githubactions\frontend\actions-runner\.credentials'
[2020-12-15 15:33:16Z INFO Listener] Runner is built for Windows (X64) - win-x64.
[2020-12-15 15:33:16Z INFO Listener] RuntimeInformation: Microsoft Windows 10.0.19041.
[2020-12-15 15:33:16Z INFO Listener] Version: 2.274.2
[2020-12-15 15:33:16Z INFO Listener] Commit: 9987a8d024a6075cd2357d07c5aec9785126d5a9
[2020-12-15 15:33:16Z INFO Listener] Culture: en-US
[2020-12-15 15:33:16Z INFO Listener] UI Culture: en-US
[2020-12-15 15:33:16Z INFO HostContext] Well known directory 'Bin': 'C:\Users\Iradukunda 47\Desktop\tutorials\githubactions\frontend\actions-runner\bin'
[2020-12-15 15:33:16Z INFO HostContext] Well known directory 'Root': 'C:\Users\Iradukunda 47\Desktop\tutorials\githubactions\frontend\actions-runner'
[2020-12-15 15:33:16Z INFO Listener] Validating directory permissions for: 'C:\Users\Iradukunda 47\Desktop\tutorials\githubactions\frontend\actions-runner'
[2020-12-15 15:33:16Z INFO CommandLineParser] Parse
[2020-12-15 15:33:16Z INFO CommandLineParser] Parsing 1 args
[2020-12-15 15:33:16Z INFO CommandLineParser] parsing argument
[2020-12-15 15:33:16Z INFO CommandLineParser] HasArgs: False
[2020-12-15 15:33:16Z INFO CommandLineParser] Adding Command: run
[2020-12-15 15:33:16Z INFO Listener] Arguments parsed
[2020-12-15 15:33:16Z INFO Runner] ExecuteCommand
[2020-12-15 15:33:16Z INFO ConfigurationStore] currentAssemblyLocation: C:\Users\Iradukunda 47\Desktop\tutorials\githubactions\frontend\actions-runner\bin\Runner.Listener.dll
[2020-12-15 15:33:16Z INFO HostContext] Well known directory 'Bin': 'C:\Users\Iradukunda 47\Desktop\tutorials\githubactions\frontend\actions-runner\bin'
[2020-12-15 15:33:16Z INFO ConfigurationStore] binPath: C:\Users\Iradukunda 47\Desktop\tutorials\githubactions\frontend\actions-runner\bin
[2020-12-15 15:33:16Z INFO HostContext] Well known directory 'Bin': 'C:\Users\Iradukunda 47\Desktop\tutorials\githubactions\frontend\actions-runner\bin'
[2020-12-15 15:33:16Z INFO HostContext] Well known directory 'Root': 'C:\Users\Iradukunda 47\Desktop\tutorials\githubactions\frontend\actions-runner'
[2020-12-15 15:33:16Z INFO ConfigurationStore] RootFolder: C:\Users\Iradukunda 47\Desktop\tutorials\githubactions\frontend\actions-runner
[2020-12-15 15:33:16Z INFO HostContext] Well known directory 'Bin': 'C:\Users\Iradukunda 47\Desktop\tutorials\githubactions\frontend\actions-runner\bin'
[2020-12-15 15:33:16Z INFO HostContext] Well known directory 'Root': 'C:\Users\Iradukunda 47\Desktop\tutorials\githubactions\frontend\actions-runner'
[2020-12-15 15:33:16Z INFO HostContext] Well known config file 'Runner': 'C:\Users\Iradukunda 47\Desktop\tutorials\githubactions\frontend\actions-runner\.runner'
[2020-12-15 15:33:16Z INFO ConfigurationStore] ConfigFilePath: C:\Users\Iradukunda 47\Desktop\tutorials\githubactions\frontend\actions-runner\.runner
[2020-12-15 15:33:16Z INFO HostContext] Well known directory 'Bin': 'C:\Users\Iradukunda 47\Desktop\tutorials\githubactions\frontend\actions-runner\bin'
[2020-12-15 15:33:16Z INFO HostContext] Well known directory 'Root': 'C:\Users\Iradukunda 47\Desktop\tutorials\githubactions\frontend\actions-runner'
[2020-12-15 15:33:16Z INFO HostContext] Well known config file 'Credentials': 'C:\Users\Iradukunda 47\Desktop\tutorials\githubactions\frontend\actions-runner\.credentials'
[2020-12-15 15:33:16Z INFO ConfigurationStore] CredFilePath: C:\Users\Iradukunda 47\Desktop\tutorials\githubactions\frontend\actions-runner\.credentials
[2020-12-15 15:33:16Z INFO HostContext] Well known directory 'Bin': 'C:\Users\Iradukunda 47\Desktop\tutorials\githubactions\frontend\actions-runner\bin'
[2020-12-15 15:33:16Z INFO HostContext] Well known directory 'Root': 'C:\Users\Iradukunda 47\Desktop\tutorials\githubactions\frontend\actions-runner'
[2020-12-15 15:33:16Z INFO HostContext] Well known config file 'MigratedCredentials': 'C:\Users\Iradukunda 47\Desktop\tutorials\githubactions\frontend\actions-runner\.credentials_migrated'
[2020-12-15 15:33:16Z INFO ConfigurationStore] MigratedCredFilePath: C:\Users\Iradukunda 47\Desktop\tutorials\githubactions\frontend\actions-runner\.credentials_migrated
[2020-12-15 15:33:16Z INFO HostContext] Well known directory 'Bin': 'C:\Users\Iradukunda 47\Desktop\tutorials\githubactions\frontend\actions-runner\bin'
[2020-12-15 15:33:16Z INFO HostContext] Well known directory 'Root': 'C:\Users\Iradukunda 47\Desktop\tutorials\githubactions\frontend\actions-runner'
[2020-12-15 15:33:16Z INFO HostContext] Well known config file 'Service': 'C:\Users\Iradukunda 47\Desktop\tutorials\githubactions\frontend\actions-runner\.service'
[2020-12-15 15:33:16Z INFO ConfigurationStore] ServiceConfigFilePath: C:\Users\Iradukunda 47\Desktop\tutorials\githubactions\frontend\actions-runner\.service
[2020-12-15 15:33:16Z INFO CommandSettings] Flag 'help': 'False'
[2020-12-15 15:33:16Z INFO CommandSettings] Flag 'version': 'False'
[2020-12-15 15:33:16Z INFO CommandSettings] Flag 'commit': 'False'
[2020-12-15 15:33:16Z INFO CommandSettings] Command 'configure': 'False'
[2020-12-15 15:33:16Z INFO CommandSettings] Command 'remove': 'False'
[2020-12-15 15:33:16Z INFO CommandSettings] Command 'warmup': 'False'
[2020-12-15 15:33:16Z INFO ConfigurationManager] LoadSettings
[2020-12-15 15:33:16Z INFO ConfigurationStore] IsConfigured()
[2020-12-15 15:33:16Z INFO ConfigurationStore] IsConfigured: True
[2020-12-15 15:33:16Z INFO ConfigurationManager] Is configured: True
[2020-12-15 15:33:16Z INFO ConfigurationStore] Read setting file: 300 chars
[2020-12-15 15:33:16Z INFO ConfigurationManager] Settings Loaded
[2020-12-15 15:33:16Z INFO ConfigurationStore] IsServiceConfigured()
[2020-12-15 15:33:16Z INFO ConfigurationStore] IsServiceConfigured: False
[2020-12-15 15:33:16Z INFO CommandSettings] Command 'run': 'True'
[2020-12-15 15:33:16Z INFO ConfigurationStore] IsConfigured()
[2020-12-15 15:33:16Z INFO ConfigurationStore] IsConfigured: True
[2020-12-15 15:33:16Z INFO ConfigurationManager] Is configured: True
[2020-12-15 15:33:16Z INFO Runner] Could not parse the argument value '' for StartupType. Defaulting to Manual
[2020-12-15 15:33:16Z INFO Runner] Set runner startup type - Manual
[2020-12-15 15:33:16Z INFO CommandSettings] Flag 'once': 'False'
[2020-12-15 15:33:16Z INFO Runner] RunAsync
[2020-12-15 15:33:16Z INFO ConfigurationManager] LoadSettings
[2020-12-15 15:33:16Z INFO ConfigurationStore] IsConfigured()
[2020-12-15 15:33:16Z INFO ConfigurationStore] IsConfigured: True
[2020-12-15 15:33:16Z INFO ConfigurationManager] Is configured: True
[2020-12-15 15:33:16Z INFO ConfigurationManager] Settings Loaded
[2020-12-15 15:33:16Z INFO MessageListener] {
  "AgentId": 2,
  "AgentName": "ALBERT",
  "PoolId": 1,
  "PoolName": "Default",
  "ServerUrl": "https://pipelines.actions.githubusercontent.com/gH3thEc1vdJdpliOIpTaAe7knDrcnaQbfxYoYT6fi8ZpqC6p9O",
  "GitHubUrl": "https://github.com/iradualbert/githubactions",
  "WorkFolder": "react-app"
}
[2020-12-15 15:33:16Z INFO MessageListener] Loading Credentials
[2020-12-15 15:33:16Z INFO ConfigurationStore] HasCredentials()
[2020-12-15 15:33:16Z INFO ConfigurationStore] stored True
[2020-12-15 15:33:16Z INFO CredentialManager] GetCredentialProvider
[2020-12-15 15:33:16Z INFO CredentialManager] Creating type OAuth
[2020-12-15 15:33:16Z INFO CredentialManager] Creating credential type: OAuth
[2020-12-15 15:33:16Z INFO HostContext] Well known directory 'Bin': 'C:\Users\Iradukunda 47\Desktop\tutorials\githubactions\frontend\actions-runner\bin'
[2020-12-15 15:33:16Z INFO HostContext] Well known directory 'Root': 'C:\Users\Iradukunda 47\Desktop\tutorials\githubactions\frontend\actions-runner'
[2020-12-15 15:33:16Z INFO HostContext] Well known config file 'RSACredentials': 'C:\Users\Iradukunda 47\Desktop\tutorials\githubactions\frontend\actions-runner\.credentials_rsaparams'
[2020-12-15 15:33:16Z INFO RSAEncryptedFileKeyManager] Loading RSA key parameters from file C:\Users\Iradukunda 47\Desktop\tutorials\githubactions\frontend\actions-runner\.credentials_rsaparams
[2020-12-15 15:33:16Z INFO MessageListener] Attempt to create session.
[2020-12-15 15:33:16Z INFO MessageListener] Connecting to the Runner Server...
[2020-12-15 15:33:16Z INFO RunnerServer] Establish connection with 100 seconds timeout.
[2020-12-15 15:33:16Z INFO GitHubActionsService] Starting operation Location.GetConnectionData
[2020-12-15 15:33:16Z INFO RunnerServer] Establish connection with 60 seconds timeout.
[2020-12-15 15:33:16Z INFO GitHubActionsService] Starting operation Location.GetConnectionData
[2020-12-15 15:33:16Z INFO RunnerServer] Establish connection with 60 seconds timeout.
[2020-12-15 15:33:16Z INFO GitHubActionsService] Starting operation Location.GetConnectionData
[2020-12-15 15:33:17Z INFO GitHubActionsService] Finished operation Location.GetConnectionData
[2020-12-15 15:33:17Z INFO GitHubActionsService] Finished operation Location.GetConnectionData
[2020-12-15 15:33:17Z INFO GitHubActionsService] Finished operation Location.GetConnectionData
[2020-12-15 15:33:17Z INFO MessageListener] VssConnection created
[2020-12-15 15:33:17Z INFO Terminal] WRITE LINE: 
[2020-12-15 15:33:17Z INFO Terminal] WRITE LINE: 
[2020-12-15 15:33:17Z WARN GitHubActionsService] Authentication failed with status code 401.
WWW-Authenticate: Bearer
Strict-Transport-Security: max-age=2592000
X-TFS-ProcessId: 55d9382d-110b-4f50-86ba-520292df7861
ActivityId: 5f12b26f-b8f0-4be0-b1a5-ad1d352e06c7
X-TFS-Session: 09e062c6-c289-45b2-b7e6-8d1420290a7c
X-VSS-E2EID: e0290e44-d8ec-4ed2-b1de-0f421c86f5d2
X-VSS-SenderDeploymentId: 13a19993-c6bc-326c-afb4-32c5519f46f0
X-TFS-ServiceError: The+user+%27System%3aPublicAccess%3baaaaaaaa-aaaa-aaaa-aaaa-aaaaaaaaaaaa%27+is+not+authorized+to+access+this+resource.
X-VSS-S2STargetService: 0000005A-0000-8888-8000-000000000000/visualstudio.com
X-MSEdge-Ref: Ref A: 6CDB415E6F4940D4BEBB4D6C01F204D5 Ref B: IST30EDGE0308 Ref C: 2020-12-15T15:33:17Z
Date: Tue, 15 Dec 2020 15:33:16 GMT

[2020-12-15 15:33:17Z INFO RSAEncryptedFileKeyManager] Loading RSA key parameters from file C:\Users\Iradukunda 47\Desktop\tutorials\githubactions\frontend\actions-runner\.credentials_rsaparams
[2020-12-15 15:33:17Z INFO RSAEncryptedFileKeyManager] Loading RSA key parameters from file C:\Users\Iradukunda 47\Desktop\tutorials\githubactions\frontend\actions-runner\.credentials_rsaparams
[2020-12-15 15:33:18Z INFO GitHubActionsService] AAD Correlation ID for this token request: Unknown
[2020-12-15 15:33:18Z INFO MessageListener] Session created.
[2020-12-15 15:33:18Z INFO Terminal] WRITE LINE: 2020-12-15 15:33:18Z: Listening for Jobs
[2020-12-15 15:33:18Z INFO JobDispatcher] Set runner/worker IPC timeout to 30 seconds.
[2020-12-15 15:40:40Z INFO Terminal] WRITE LINE: Exiting...
[2020-12-15 15:40:40Z INFO ConfigurationStore] IsServiceConfigured()
[2020-12-15 15:40:40Z INFO ConfigurationStore] IsServiceConfigured: False
[2020-12-15 15:40:40Z INFO HostContext] Runner will be shutdown for UserCancelled
[2020-12-15 15:40:40Z WARN GitHubActionsService] GET request to https://pipelines.actions.githubusercontent.com/gH3thEc1vdJdpliOIpTaAe7knDrcnaQbfxYoYT6fi8ZpqC6p9O/_apis/distributedtask/pools/1/messages?sessionId=7521382e-1e96-4138-bd07-d10f088edcdf has been cancelled.
[2020-12-15 15:40:40Z INFO MessageListener] Get next message has been cancelled.
[2020-12-15 15:40:40Z INFO JobDispatcher] Shutting down JobDispatcher. Make sure all WorkerDispatcher has finished.
[2020-12-15 15:40:40Z INFO Terminal] WRITE LINE: Exiting...
[2020-12-15 15:40:40Z INFO ConfigurationStore] IsServiceConfigured()
[2020-12-15 15:40:40Z INFO ConfigurationStore] IsServiceConfigured: False
[2020-12-15 15:40:40Z INFO HostContext] Runner will be shutdown for UserCancelled
[2020-12-15 15:40:41Z INFO Listener] Runner execution been cancelled.
